<?xml version="1.0" encoding="UTF-8"?>
<testsuites name="TestSuite" time="65.937" tests="3" failures="0" errors="0">
   <testsuite name="TestSuite" tests="3" failures="0" errors="0" time="65.937" skipped="0" timestamp="11-10-2024T01:18:44" hostname="madhu - Madhusudan" id="Test Suites/TestSuite">
      <properties>
         <property name="deviceName" value=""/>
         <property name="devicePlatform"/>
         <property name="logFolder" value="D:\\Workspaces\\KatalonWorkspace\\FirstProject\\Reports\\20241011_011757\\TestSuite\\20241011_011803"/>
         <property name="logFiles" value="D:\\Workspaces\\KatalonWorkspace\\FirstProject\\Reports\\20241011_011757\\TestSuite\\20241011_011803\\execution0.log"/>
         <property name="attachments" value=""/>
         <property name="hostName" value="madhu - Madhusudan"/>
         <property name="os" value="Windows 11 64bit"/>
         <property name="katalonVersion" value="9.7.2.223"/>
         <property name="browser" value="Chrome 129.0.0.0"/>
         <property name="hostAddress" value="192.168.56.1"/>
         <property name="sessionId" value="5da908cd547f4a738c2a7b54d7ca6076"/>
         <property name="seleniumVersion" value="3.141.59"/>
         <property name="proxyInformation" value="ProxyInformation { proxyOption=NO_PROXY, proxyServerType=HTTP, username=, password=********, proxyServerAddress=, proxyServerPort=0, executionList=&quot;&quot;, isApplyToDesiredCapabilities=true }"/>
         <property name="platform" value="Windows 11"/>
      </properties>
      <testcase name="Test Cases/UITests/Login_KatalonDemo_record" time="42.763" classname="Test Cases/UITests/Login_KatalonDemo_record" status="PASSED">
         <system-out><![CDATA[11-10-2024T01:18:45 - [TEST_CASE][PASSED] - Test Cases/UITests/Login_KatalonDemo_record: Test Cases/UITests/Login_KatalonDemo_record

11-10-2024T01:18:46 - [TEST_STEP][PASSED] - openBrowser(""): Browser is opened with url: ''

11-10-2024T01:18:47 - [MESSAGE][INFO] - Starting 'Chrome' driver

11-10-2024T01:18:47 - [MESSAGE][INFO] - Action delay is set to 0 milliseconds

11-10-2024T01:18:52 - [MESSAGE][PASSED] - Browser is opened with url: ''

11-10-2024T01:18:52 - [TEST_STEP][PASSED] - navigateToUrl("https://katalon-demo-cura.herokuapp.com/"): Navigate to 'https://katalon-demo-cura.herokuapp.com/' successfully

11-10-2024T01:18:56 - [MESSAGE][PASSED] - Navigate to 'https://katalon-demo-cura.herokuapp.com/' successfully

11-10-2024T01:18:56 - [TEST_STEP][PASSED] - click(findTestObject("Object Repository/Page_CURA Healthcare Service/a_Make Appointment")): Object: 'Object Repository/Page_CURA Healthcare Service/a_Make Appointment' is clicked on

11-10-2024T01:18:58 - [MESSAGE][PASSED] - Object: 'Object Repository/Page_CURA Healthcare Service/a_Make Appointment' is clicked on

11-10-2024T01:18:58 - [TEST_STEP][PASSED] - setText(findTestObject("Object Repository/Page_CURA Healthcare Service/input_Username_username"), "John Doe"): Text 'John Doe' is set on object 'Object Repository/Page_CURA Healthcare Service/input_Username_username'

11-10-2024T01:18:59 - [MESSAGE][PASSED] - Text 'John Doe' is set on object 'Object Repository/Page_CURA Healthcare Service/input_Username_username'

11-10-2024T01:18:59 - [TEST_STEP][PASSED] - setEncryptedText(findTestObject("Object Repository/Page_CURA Healthcare Service/input_Password_password"), "9NLz+4tGZcQ="): Text ****** has been set on object 'Object Repository/Page_CURA Healthcare Service/input_Password_password'

11-10-2024T01:19:01 - [MESSAGE][PASSED] - Text ****** has been set on object 'Object Repository/Page_CURA Healthcare Service/input_Password_password'

11-10-2024T01:19:01 - [TEST_STEP][PASSED] - click(findTestObject("Object Repository/Page_CURA Healthcare Service/span_Demo account_demo_password_label")): Object: 'Object Repository/Page_CURA Healthcare Service/span_Demo account_demo_password_label' is clicked on

11-10-2024T01:19:01 - [MESSAGE][PASSED] - Object: 'Object Repository/Page_CURA Healthcare Service/span_Demo account_demo_password_label' is clicked on

11-10-2024T01:19:01 - [TEST_STEP][PASSED] - setEncryptedText(findTestObject("Object Repository/Page_CURA Healthcare Service/input_Password_password"), "g3/DOGG74jC3Flrr3yH+3D/yKbOqqUNM"): Text ****** has been set on object 'Object Repository/Page_CURA Healthcare Service/input_Password_password'

11-10-2024T01:19:03 - [MESSAGE][PASSED] - Text ****** has been set on object 'Object Repository/Page_CURA Healthcare Service/input_Password_password'

11-10-2024T01:19:03 - [TEST_STEP][PASSED] - click(findTestObject("Object Repository/Page_CURA Healthcare Service/button_Login")): Object: 'Object Repository/Page_CURA Healthcare Service/button_Login' is clicked on

11-10-2024T01:19:06 - [MESSAGE][PASSED] - Object: 'Object Repository/Page_CURA Healthcare Service/button_Login' is clicked on

11-10-2024T01:19:06 - [TEST_STEP][PASSED] - selectOptionByValue(findTestObject("Object Repository/Page_CURA Healthcare Service/select_Tokyo CURA Healthcare Center        _5b4107"), "Hongkong CURA Healthcare Center", true): All options with value 'Hongkong CURA Healthcare Center' are selected in object 'Object Repository/Page_CURA Healthcare Service/select_Tokyo CURA Healthcare Center        _5b4107'  using regular expression

11-10-2024T01:19:09 - [MESSAGE][PASSED] - All options with value 'Hongkong CURA Healthcare Center' are selected in object 'Object Repository/Page_CURA Healthcare Service/select_Tokyo CURA Healthcare Center        _5b4107'  using regular expression

11-10-2024T01:19:09 - [TEST_STEP][PASSED] - click(findTestObject("Object Repository/Page_CURA Healthcare Service/input_Apply for hospital readmission_hospit_63901f")): Object: 'Object Repository/Page_CURA Healthcare Service/input_Apply for hospital readmission_hospit_63901f' is clicked on

11-10-2024T01:19:10 - [MESSAGE][PASSED] - Object: 'Object Repository/Page_CURA Healthcare Service/input_Apply for hospital readmission_hospit_63901f' is clicked on

11-10-2024T01:19:10 - [TEST_STEP][PASSED] - click(findTestObject("Object Repository/Page_CURA Healthcare Service/input_None_programs")): Object: 'Object Repository/Page_CURA Healthcare Service/input_None_programs' is clicked on

11-10-2024T01:19:12 - [MESSAGE][PASSED] - Object: 'Object Repository/Page_CURA Healthcare Service/input_None_programs' is clicked on

11-10-2024T01:19:12 - [TEST_STEP][PASSED] - click(findTestObject("Object Repository/Page_CURA Healthcare Service/span_Visit Date (Required)_glyphicon glyphi_cada34")): Object: 'Object Repository/Page_CURA Healthcare Service/span_Visit Date (Required)_glyphicon glyphi_cada34' is clicked on

11-10-2024T01:19:14 - [MESSAGE][PASSED] - Object: 'Object Repository/Page_CURA Healthcare Service/span_Visit Date (Required)_glyphicon glyphi_cada34' is clicked on

11-10-2024T01:19:14 - [TEST_STEP][PASSED] - click(findTestObject("Object Repository/Page_CURA Healthcare Service/td_24")): Object: 'Object Repository/Page_CURA Healthcare Service/td_24' is clicked on

11-10-2024T01:19:14 - [MESSAGE][PASSED] - Object: 'Object Repository/Page_CURA Healthcare Service/td_24' is clicked on

11-10-2024T01:19:15 - [TEST_STEP][PASSED] - setText(findTestObject("Object Repository/Page_CURA Healthcare Service/textarea_Comment_comment"), "Demo appointment"): Text 'Demo appointment' is set on object 'Object Repository/Page_CURA Healthcare Service/textarea_Comment_comment'

11-10-2024T01:19:17 - [MESSAGE][PASSED] - Text 'Demo appointment' is set on object 'Object Repository/Page_CURA Healthcare Service/textarea_Comment_comment'

11-10-2024T01:19:17 - [TEST_STEP][PASSED] - click(findTestObject("Object Repository/Page_CURA Healthcare Service/button_Book Appointment")): Object: 'Object Repository/Page_CURA Healthcare Service/button_Book Appointment' is clicked on

11-10-2024T01:19:20 - [MESSAGE][PASSED] - Object: 'Object Repository/Page_CURA Healthcare Service/button_Book Appointment' is clicked on

11-10-2024T01:19:20 - [TEST_STEP][PASSED] - verifyElementPresent(findTestObject("Object Repository/Page_CURA Healthcare Service/p_Please be informed that your appointment _11813a"), 0): Object 'Object Repository/Page_CURA Healthcare Service/p_Please be informed that your appointment _11813a' is present

11-10-2024T01:19:20 - [MESSAGE][WARNING] - Timeout '0' is invalid. Using default page load timeout: '15'

11-10-2024T01:19:21 - [MESSAGE][PASSED] - Object 'Object Repository/Page_CURA Healthcare Service/p_Please be informed that your appointment _11813a' is present

11-10-2024T01:19:21 - [TEST_STEP][PASSED] - verifyElementText(findTestObject("Object Repository/Page_CURA Healthcare Service/p_Please be informed that your appointment _11813a"), "Please be informed that your appointment has been booked as following:"): Actual text and expected text of test object 'Object Repository/Page_CURA Healthcare Service/p_Please be informed that your appointment _11813a' are matched.

11-10-2024T01:19:21 - [MESSAGE][PASSED] - Actual text and expected text of test object 'Object Repository/Page_CURA Healthcare Service/p_Please be informed that your appointment _11813a' are matched.

11-10-2024T01:19:21 - [TEST_STEP][PASSED] - click(findTestObject("Object Repository/Page_CURA Healthcare Service/a_Go to Homepage")): Object: 'Object Repository/Page_CURA Healthcare Service/a_Go to Homepage' is clicked on

11-10-2024T01:19:25 - [MESSAGE][PASSED] - Object: 'Object Repository/Page_CURA Healthcare Service/a_Go to Homepage' is clicked on

11-10-2024T01:19:25 - [TEST_STEP][PASSED] - click(findTestObject("Object Repository/Page_CURA Healthcare Service/i_CURA Healthcare_fa fa-bars")): Object: 'Object Repository/Page_CURA Healthcare Service/i_CURA Healthcare_fa fa-bars' is clicked on

11-10-2024T01:19:26 - [MESSAGE][PASSED] - Object: 'Object Repository/Page_CURA Healthcare Service/i_CURA Healthcare_fa fa-bars' is clicked on

11-10-2024T01:19:26 - [TEST_STEP][PASSED] - click(findTestObject("Object Repository/Page_CURA Healthcare Service/a_Logout")): Object: 'Object Repository/Page_CURA Healthcare Service/a_Logout' is clicked on

11-10-2024T01:19:27 - [MESSAGE][PASSED] - Object: 'Object Repository/Page_CURA Healthcare Service/a_Logout' is clicked on

11-10-2024T01:19:27 - [TEST_STEP][PASSED] - closeBrowser(): Browser is closed

11-10-2024T01:19:28 - [MESSAGE][PASSED] - Browser is closed]]></system-out>
         <system-err><![CDATA[]]></system-err>
      </testcase>
      <testcase name="Test Cases/UITests/Login_OrangeHRM_manual" time="10.244" classname="Test Cases/UITests/Login_OrangeHRM_manual" status="PASSED">
         <system-out><![CDATA[11-10-2024T01:19:28 - [TEST_CASE][PASSED] - Test Cases/UITests/Login_OrangeHRM_manual: Test Cases/UITests/Login_OrangeHRM_manual

11-10-2024T01:19:28 - [TEST_STEP][PASSED] - openBrowser(""): Browser is opened with url: ''

11-10-2024T01:19:28 - [MESSAGE][INFO] - Starting 'Chrome' driver

11-10-2024T01:19:28 - [MESSAGE][INFO] - Action delay is set to 0 milliseconds

11-10-2024T01:19:30 - [MESSAGE][PASSED] - Browser is opened with url: ''

11-10-2024T01:19:30 - [TEST_STEP][PASSED] - navigateToUrl("https://opensource-demo.orangehrmlive.com/web/index.php/auth/login"): Navigate to 'https://opensource-demo.orangehrmlive.com/web/index.php/auth/login' successfully

11-10-2024T01:19:32 - [MESSAGE][PASSED] - Navigate to 'https://opensource-demo.orangehrmlive.com/web/index.php/auth/login' successfully

11-10-2024T01:19:32 - [TEST_STEP][PASSED] - waitForPageLoad(2): Wait for page load successfully

11-10-2024T01:19:34 - [MESSAGE][PASSED] - Wait for page load successfully

11-10-2024T01:19:34 - [TEST_STEP][PASSED] - sendKeys(findTestObject("Page_OrangeHRM/input_Username_username", ["variable":"Admin"]), "Admin"): Keys 'Admin' sent to object: 'Object Repository/Page_OrangeHRM/input_Username_username'

11-10-2024T01:19:35 - [MESSAGE][PASSED] - Keys 'Admin' sent to object: 'Object Repository/Page_OrangeHRM/input_Username_username'

11-10-2024T01:19:35 - [TEST_STEP][PASSED] - sendKeys(findTestObject("Page_OrangeHRM/input_Password_password", ["variable":"admin123"]), "admin123"): Keys 'admin123' sent to object: 'Object Repository/Page_OrangeHRM/input_Password_password'

11-10-2024T01:19:36 - [MESSAGE][PASSED] - Keys 'admin123' sent to object: 'Object Repository/Page_OrangeHRM/input_Password_password'

11-10-2024T01:19:36 - [TEST_STEP][PASSED] - click(findTestObject("Page_OrangeHRM/button_Login")): Object: 'Object Repository/Page_OrangeHRM/button_Login' is clicked on

11-10-2024T01:19:37 - [MESSAGE][PASSED] - Object: 'Object Repository/Page_OrangeHRM/button_Login' is clicked on

11-10-2024T01:19:37 - [TEST_STEP][PASSED] - closeBrowser(STOP_ON_FAILURE): Browser is closed

11-10-2024T01:19:38 - [MESSAGE][PASSED] - Browser is closed]]></system-out>
         <system-err><![CDATA[]]></system-err>
      </testcase>
      <testcase name="Test Cases/UITests/Login_OrangeHRM_scripting" time="12.164" classname="Test Cases/UITests/Login_OrangeHRM_scripting" status="PASSED">
         <system-out><![CDATA[11-10-2024T01:19:38 - [TEST_CASE][PASSED] - Test Cases/UITests/Login_OrangeHRM_scripting: Test Cases/UITests/Login_OrangeHRM_scripting

11-10-2024T01:19:38 - [TEST_STEP][PASSED] - openBrowser(""): Browser is opened with url: ''

11-10-2024T01:19:38 - [MESSAGE][INFO] - Starting 'Chrome' driver

11-10-2024T01:19:38 - [MESSAGE][INFO] - Action delay is set to 0 milliseconds

11-10-2024T01:19:41 - [MESSAGE][PASSED] - Browser is opened with url: ''

11-10-2024T01:19:41 - [TEST_STEP][PASSED] - navigateToUrl("https://opensource-demo.orangehrmlive.com/web/index.php/auth/login"): Navigate to 'https://opensource-demo.orangehrmlive.com/web/index.php/auth/login' successfully

11-10-2024T01:19:44 - [MESSAGE][PASSED] - Navigate to 'https://opensource-demo.orangehrmlive.com/web/index.php/auth/login' successfully

11-10-2024T01:19:44 - [TEST_STEP][PASSED] - waitForPageLoad(2): Wait for page load successfully

11-10-2024T01:19:45 - [MESSAGE][PASSED] - Wait for page load successfully

11-10-2024T01:19:45 - [TEST_STEP][PASSED] - sendKeys(findTestObject("Object Repository/Page_OrangeHRM/input_Username_username"), "Admin"): Keys 'Admin' sent to object: 'Object Repository/Page_OrangeHRM/input_Username_username'

11-10-2024T01:19:46 - [MESSAGE][PASSED] - Keys 'Admin' sent to object: 'Object Repository/Page_OrangeHRM/input_Username_username'

11-10-2024T01:19:46 - [TEST_STEP][PASSED] - sendKeys(findTestObject("Object Repository/Page_OrangeHRM/input_Password_password"), "admin123"): Keys 'admin123' sent to object: 'Object Repository/Page_OrangeHRM/input_Password_password'

11-10-2024T01:19:47 - [MESSAGE][PASSED] - Keys 'admin123' sent to object: 'Object Repository/Page_OrangeHRM/input_Password_password'

11-10-2024T01:19:47 - [TEST_STEP][PASSED] - click(findTestObject("Object Repository/Page_OrangeHRM/button_Login")): Object: 'Object Repository/Page_OrangeHRM/button_Login' is clicked on

11-10-2024T01:19:47 - [MESSAGE][PASSED] - Object: 'Object Repository/Page_OrangeHRM/button_Login' is clicked on

11-10-2024T01:19:47 - [TEST_STEP][PASSED] - delay(2): Delayed 2 second(s)

11-10-2024T01:19:49 - [MESSAGE][PASSED] - Delayed 2 second(s)

11-10-2024T01:19:49 - [TEST_STEP][PASSED] - closeBrowser(): Browser is closed

11-10-2024T01:19:50 - [MESSAGE][PASSED] - Browser is closed]]></system-out>
         <system-err><![CDATA[]]></system-err>
      </testcase>
      <system-out><![CDATA[11-10-2024T01:18:44 - [TEST_SUITE][PASSED] - TestSuite: Test Cases/UITests/Login_OrangeHRM_scripting]]></system-out>
      <system-err><![CDATA[]]></system-err>
   </testsuite>
</testsuites>
